<?xml version="1.0" encoding="UTF-8"?>
<testsuite xmlns:xsi="http://www.w3.org/2001/XMLSchema-instance" xsi:noNamespaceSchemaLocation="https://maven.apache.org/surefire/maven-surefire-plugin/xsd/surefire-test-report-3.0.xsd" version="3.0" name="TestSuite" time="437.186" tests="7" errors="0" skipped="0" failures="1">
  <properties>
[...]
</properties>
  <testcase name="verifyContactFormSubmissionAboutPage" classname="com.nickelfox.testcases.About_Test_case" time="47.307">
    <system-out><![CDATA[user navigate to the website
click about
click contact
Start form filling
enter the full name
enter the email id
enter the code
enter the mobile number
click on the sbumit button
success submitd
Thank You
We have received your request. Our team will get back to you soon.
]]></system-out>
  </testcase>
  <testcase name="blogTest" classname="com.nickelfox.testcases.Blog_Page_Test" time="7.543">
    <system-out><![CDATA[user navigate to the website
Go to the blog screen
page title:Nickelfox Blogs - Posts By & About Nickelfox & Technologies
In the last few years, we have reconfigured our offerings, taking a human-centred approach to design and technology.We have partnered with the United Nations, The NY Times, ITC, Gucci, GE, Dunzo, MyGov, and others to deliver successful software solutions.
How to Use Generative AI to Automate Events in Your Daily Calendar?
Keeping up with the fast pace of life in a multifaceted digital world is quite challenging. With a multitude of endeavors to achieve and accomplish daily...
How Video Streaming Apps like Netflix Use AI to Enhance their UI/UX Design
sn’t it crazy how much time we spend binge-watching videos on phone and TV apps? It’s like we’re unknowingly punching in for another full work week each month...
How and When to Use Generative AI in Your Content Generation Process
Generative AI isn’t an average run-of-the-mill artificial intelligence— it’s way advanced. It gives machines the ability to come up with original content all by itself.
Enhance Customer Support for Your App with Generative AI
Technology, Generative AI to be precise, can be a game-changer for your mobile app when it comes to ensuring customer support for your app users.
Use GenAI to change the way people search on your e-commerce platform
Generative AI presents an opportunity for gaining a competitive advantage in the e-commerce sector through enhanced search functionality...
Google’s ‘Circle to Search’ and ‘AI-Powered Overviews’ will Change How Users Explore Internet
Within the tech-driven landscape accelerated by AI, Google is once again at the forefront with the launch of its revolutionary search feature, ‘Circle to Search.’
How Much does It Cost to Develop an App like Uber?
Creating an app like Uber is easier said than done, i.e., a labor-intensive and focus-demanding process. If you are planning to venture into the on-demand taxi booking service industry, you might need an app..
Gmail Allows Users to ‘Unsubscribe’ Bulk Emails in One Go with Its Latest Update
Gmail has recently announced a new update for users which allows them to manage bulk emails in one go. A new ‘unsubscribe’ button is now more visible...
A Peek into How AI is Redefining Wedding Scene in India
Artificial Intelligence (AI) has emerged as a game-changer in various aspects of our lives.
]]></system-out>
  </testcase>
  <testcase name="Test_Career_Form" classname="com.nickelfox.testcases.Career_Page_Test" time="65.338">
    <system-out><![CDATA[user navigate to the website
click on the career link
click on the job apply
Page title of active tab: Nickelfox - Sales Specialist in Noida
click on the intersted button
en ter the first name
enter the last name
enter the mobile number
enter the email id
enter the current CTC
enter the expected CTC
enter the notice period
enter the exp
click on the skill field
enter the skill
click on the apply button
enter the city name
select the city
enter the state
enter the linkdin link
resume upload successfully
]]></system-out>
  </testcase>
  <testcase name="go_contact_page" classname="com.nickelfox.testcases.Contact_Page_Test" time="44.651">
    <system-out><![CDATA[user navigate to the website
click on the contact page
enter the full name
enter the email id
enter the code
enter the mobile number
click on the sbumit button
Thank You
We have received your request. Our team will get back to you soon.
]]></system-out>
  </testcase>
  <testcase name="verifyContactFormSubmission" classname="com.nickelfox.testcases.Contact_With_Us_Page_Test" time="37.456">
    <system-out><![CDATA[user navigate to the website
*********Verify Contact Form Submission*********
Navigating to Contact Page
enter the full name
enter the email id
enter the code
enter the mobile number
click on the sbumit button
Thank You
We have received your request. Our team will get back to you soon.
]]></system-out>
  </testcase>
  <testcase name="go_contact_page" classname="com.nickelfox.testcases.Industries_Page_Test" time="52.678">
    <system-out><![CDATA[user navigate to the website
click on the industries
goes to the Health tech
Click on the health Care
Page verified
click on the lets connect button
enter the full name
enter the email id
enter the code
enter the mobile number
click on the sbumit button
Thank You
We have received your request. Our team will get back to you soon.
]]></system-out>
  </testcase>
  <testcase name="test" classname="com.nickelfox.testcases.Live_Chat_Test" time="23.302">
    <failure message="java.lang.reflect.InvocationTargetException&#10;Build info: version: &apos;4.27.0&apos;, revision: &apos;d6e718d134&apos;&#10;System info: os.name: &apos;Windows 11&apos;, os.arch: &apos;amd64&apos;, os.version: &apos;10.0&apos;, java.version: &apos;21.0.4&apos;&#10;Driver info: org.openqa.selenium.chrome.ChromeDriver&#10;Command: [0c40c60be473e08610e0c884b37b398a, actions {actions=[org.openqa.selenium.interactions.Sequence@552cede7]}]&#10;Capabilities {acceptInsecureCerts: false, browserName: chrome, browserVersion: 131.0.6778.205, chrome: {chromedriverVersion: 131.0.6778.264 (2d05e315153..., userDataDir: C:\Users\PRASHA~1\AppData\L...}, fedcm:accounts: true, goog:chromeOptions: {debuggerAddress: localhost:60705}, networkConnectionEnabled: false, pageLoadStrategy: normal, platformName: windows, proxy: Proxy(), se:cdp: ws://localhost:60705/devtoo..., se:cdpVersion: 131.0.6778.205, setWindowRect: true, strictFileInteractability: false, timeouts: {implicit: 0, pageLoad: 300000, script: 30000}, unhandledPromptBehavior: dismiss and notify, webauthn:extension:credBlob: true, webauthn:extension:largeBlob: true, webauthn:extension:minPinLength: true, webauthn:extension:prf: true, webauthn:virtualAuthenticators: true}&#10;Session ID: 0c40c60be473e08610e0c884b37b398a" type="org.openqa.selenium.json.JsonException"><![CDATA[org.openqa.selenium.json.JsonException: 
java.lang.reflect.InvocationTargetException
Build info: version: '4.27.0', revision: 'd6e718d134'
System info: os.name: 'Windows 11', os.arch: 'amd64', os.version: '10.0', java.version: '21.0.4'
Driver info: org.openqa.selenium.chrome.ChromeDriver
Command: [0c40c60be473e08610e0c884b37b398a, actions {actions=[org.openqa.selenium.interactions.Sequence@552cede7]}]
Capabilities {acceptInsecureCerts: false, browserName: chrome, browserVersion: 131.0.6778.205, chrome: {chromedriverVersion: 131.0.6778.264 (2d05e315153..., userDataDir: C:\Users\PRASHA~1\AppData\L...}, fedcm:accounts: true, goog:chromeOptions: {debuggerAddress: localhost:60705}, networkConnectionEnabled: false, pageLoadStrategy: normal, platformName: windows, proxy: Proxy(), se:cdp: ws://localhost:60705/devtoo..., se:cdpVersion: 131.0.6778.205, setWindowRect: true, strictFileInteractability: false, timeouts: {implicit: 0, pageLoad: 300000, script: 30000}, unhandledPromptBehavior: dismiss and notify, webauthn:extension:credBlob: true, webauthn:extension:largeBlob: true, webauthn:extension:minPinLength: true, webauthn:extension:prf: true, webauthn:virtualAuthenticators: true}
Session ID: 0c40c60be473e08610e0c884b37b398a
	at com.nickelfox.testcases.Live_Chat_Test.test(Live_Chat_Test.java:24)
Caused by: java.lang.reflect.InvocationTargetException
	at com.nickelfox.testcases.Live_Chat_Test.test(Live_Chat_Test.java:24)
Caused by: org.openqa.selenium.NoSuchElementException: 
no such element: Unable to locate element: {"method":"xpath","selector":"//div[normalize-space()='Design & Development Services']"}
  (Session info: chrome=131.0.6778.205)
For documentation on this error, please visit: https://www.selenium.dev/documentation/webdriver/troubleshooting/errors#no-such-element-exception
Build info: version: '4.27.0', revision: 'd6e718d134'
System info: os.name: 'Windows 11', os.arch: 'amd64', os.version: '10.0', java.version: '21.0.4'
Driver info: org.openqa.selenium.chrome.ChromeDriver
Command: [0c40c60be473e08610e0c884b37b398a, findElement {using=xpath, value=//div[normalize-space()='Design & Development Services']}]
Capabilities {acceptInsecureCerts: false, browserName: chrome, browserVersion: 131.0.6778.205, chrome: {chromedriverVersion: 131.0.6778.264 (2d05e315153..., userDataDir: C:\Users\PRASHA~1\AppData\L...}, fedcm:accounts: true, goog:chromeOptions: {debuggerAddress: localhost:60705}, networkConnectionEnabled: false, pageLoadStrategy: normal, platformName: windows, proxy: Proxy(), se:cdp: ws://localhost:60705/devtoo..., se:cdpVersion: 131.0.6778.205, setWindowRect: true, strictFileInteractability: false, timeouts: {implicit: 0, pageLoad: 300000, script: 30000}, unhandledPromptBehavior: dismiss and notify, webauthn:extension:credBlob: true, webauthn:extension:largeBlob: true, webauthn:extension:minPinLength: true, webauthn:extension:prf: true, webauthn:virtualAuthenticators: true}
Session ID: 0c40c60be473e08610e0c884b37b398a
	at com.nickelfox.testcases.Live_Chat_Test.test(Live_Chat_Test.java:24)
]]></failure>
    <system-out><![CDATA[user navigate to the website
the live chat icon not visible
]]></system-out>
  </testcase>
</testsuite>