<?xml version="1.0" encoding="UTF-8"?>
<testng-results ignored="0" total="1" passed="1" failed="0" skipped="0">
  <reporter-output>
  </reporter-output>
  <suite started-at="2025-01-13T13:56:39 IST" name="Suite" finished-at="2025-01-13T13:57:51 IST" duration-ms="71950">
    <groups>
    </groups>
    <test started-at="2025-01-13T13:56:39 IST" name="Test" finished-at="2025-01-13T13:57:51 IST" duration-ms="71950">
      <class name="com.nickelfox.testcases.About_Test_case">
        <test-method is-config="true" signature="beforeMethod()[pri:0, instance:com.nickelfox.testcases.About_Test_case@31fa1761]" started-at="2025-01-13T13:56:40 IST" name="beforeMethod" finished-at="2025-01-13T13:57:00 IST" duration-ms="20961" status="PASS">
          <reporter-output>
          </reporter-output>
        </test-method> <!-- beforeMethod -->
        <test-method signature="verifyContactFormSubmissionAboutPage()[pri:1, instance:com.nickelfox.testcases.About_Test_case@31fa1761]" started-at="2025-01-13T13:57:00 IST" name="verifyContactFormSubmissionAboutPage" finished-at="2025-01-13T13:57:46 IST" duration-ms="45935" status="PASS">
          <reporter-output>
          </reporter-output>
        </test-method> <!-- verifyContactFormSubmissionAboutPage -->
        <test-method is-config="true" signature="tearDown(org.testng.ITestResult)[pri:0, instance:com.nickelfox.testcases.About_Test_case@31fa1761]" started-at="2025-01-13T13:57:46 IST" name="tearDown" finished-at="2025-01-13T13:57:51 IST" duration-ms="5013" status="PASS">
          <params>
            <param index="0">
              <value>
                <![CDATA[[TestResult name=verifyContactFormSubmissionAboutPage status=SUCCESS method=About_Test_case.verifyContactFormSubmissionAboutPage()[pri:1, instance:com.nickelfox.testcases.About_Test_case@31fa1761] output={null}]]]>
              </value>
            </param>
          </params>
          <reporter-output>
          </reporter-output>
        </test-method> <!-- tearDown -->
      </class> <!-- com.nickelfox.testcases.About_Test_case -->
    </test> <!-- Test -->
  </suite> <!-- Suite -->
</testng-results>
